@echo off
echo ğŸ§ª ProjFS.ONE Test Runner (Windows)
echo.

echo ğŸ“¦ Compiling TypeScript...
call npx tsc
if %errorlevel% neq 0 (
    echo âŒ TypeScript compilation failed
    exit /b 1
)
echo âœ… TypeScript compilation successful
echo.

echo ğŸ§ª Running Unit Tests...
echo â”€â”€â”€â”€â”€â”€â”€â”€â”€â”€â”€â”€â”€â”€â”€â”€â”€â”€â”€â”€â”€â”€â”€â”€â”€â”€â”€â”€â”€â”€â”€â”€â”€â”€â”€â”€â”€â”€â”€â”€â”€â”€â”€â”€â”€â”€â”€â”€â”€â”€â”€â”€â”€â”€â”€â”€
call npx mocha "dist/test/unit/**/*.test.js" --timeout 5000
if %errorlevel% neq 0 (
    echo âŒ Unit tests failed
    set FAILED=1
)

if exist "dist\test\integration" (
    echo.
    echo ğŸ§ª Running Integration Tests...
    echo â”€â”€â”€â”€â”€â”€â”€â”€â”€â”€â”€â”€â”€â”€â”€â”€â”€â”€â”€â”€â”€â”€â”€â”€â”€â”€â”€â”€â”€â”€â”€â”€â”€â”€â”€â”€â”€â”€â”€â”€â”€â”€â”€â”€â”€â”€â”€â”€â”€â”€â”€â”€â”€â”€â”€â”€
    call npx mocha "dist/test/integration/**/*.test.js" --timeout 30000
    if %errorlevel% neq 0 (
        echo âŒ Integration tests failed
        set FAILED=1
    )
)

if exist "dist\test\performance" (
    echo.
    echo ğŸ§ª Running Performance Tests...
    echo â”€â”€â”€â”€â”€â”€â”€â”€â”€â”€â”€â”€â”€â”€â”€â”€â”€â”€â”€â”€â”€â”€â”€â”€â”€â”€â”€â”€â”€â”€â”€â”€â”€â”€â”€â”€â”€â”€â”€â”€â”€â”€â”€â”€â”€â”€â”€â”€â”€â”€â”€â”€â”€â”€â”€â”€
    call npx mocha "dist/test/performance/**/*.test.js" --timeout 60000
    if %errorlevel% neq 0 (
        echo âŒ Performance tests failed
        set FAILED=1
    )
)

echo.
echo ğŸ“Š Test Summary
echo â•â•â•â•â•â•â•â•â•â•â•â•â•â•â•â•â•â•â•â•â•â•â•â•â•â•â•â•â•â•â•â•â•â•â•â•â•â•â•â•â•â•â•â•â•â•â•â•â•â•â•â•â•â•â•â•

if defined FAILED (
    echo âŒ Some tests failed
    exit /b 1
) else (
    echo âœ… All tests passed!
    exit /b 0
)